0 info it worked if it ends with ok
1 verbose cli [ 'node',
1 verbose cli   '/usr/local/bin/npm',
1 verbose cli   'install',
1 verbose cli   'gulp-scss-lint',
1 verbose cli   '--save-dev' ]
2 info using npm@1.4.28
3 info using node@v0.10.32
4 warn package.json @ No description
5 warn package.json @ No repository field.
6 warn package.json @ No README data
7 verbose readDependencies using package.json deps
8 verbose cache add [ 'gulp-scss-lint', null ]
9 verbose cache add name=undefined spec="gulp-scss-lint" args=["gulp-scss-lint",null]
10 verbose parsed url { protocol: null,
10 verbose parsed url   slashes: null,
10 verbose parsed url   auth: null,
10 verbose parsed url   host: null,
10 verbose parsed url   port: null,
10 verbose parsed url   hostname: null,
10 verbose parsed url   hash: null,
10 verbose parsed url   search: null,
10 verbose parsed url   query: null,
10 verbose parsed url   pathname: 'gulp-scss-lint',
10 verbose parsed url   path: 'gulp-scss-lint',
10 verbose parsed url   href: 'gulp-scss-lint' }
11 silly lockFile 61482d3d-gulp-scss-lint gulp-scss-lint
12 verbose lock gulp-scss-lint /Users/david/.npm/61482d3d-gulp-scss-lint.lock
13 silly lockFile 61482d3d-gulp-scss-lint gulp-scss-lint
14 silly lockFile 61482d3d-gulp-scss-lint gulp-scss-lint
15 verbose addNamed [ 'gulp-scss-lint', '' ]
16 verbose addNamed [ null, '*' ]
17 silly lockFile 30fc5297-gulp-scss-lint gulp-scss-lint@
18 verbose lock gulp-scss-lint@ /Users/david/.npm/30fc5297-gulp-scss-lint.lock
19 silly addNameRange { name: 'gulp-scss-lint', range: '*', hasData: false }
20 verbose request where is /gulp-scss-lint
21 verbose request registry https://registry.npmjs.org/
22 verbose request id e07b982216f810b7
23 verbose url raw /gulp-scss-lint
24 verbose url resolving [ 'https://registry.npmjs.org/', './gulp-scss-lint' ]
25 verbose url resolved https://registry.npmjs.org/gulp-scss-lint
26 verbose request where is https://registry.npmjs.org/gulp-scss-lint
27 info trying registry request attempt 1 at 07:46:10
28 verbose etag "53233PSTROSTLGUZ2LCI72DH1"
29 http GET https://registry.npmjs.org/gulp-scss-lint
30 http 200 https://registry.npmjs.org/gulp-scss-lint
31 silly registry.get cb [ 200,
31 silly registry.get   { server: 'CouchDB/1.5.0 (Erlang OTP/R16B03)',
31 silly registry.get     etag: '"FCXQJUQ9FNTSEX4I6H09JB7V"',
31 silly registry.get     'content-type': 'application/json',
31 silly registry.get     'cache-control': 'max-age=60',
31 silly registry.get     'content-length': '29766',
31 silly registry.get     'accept-ranges': 'bytes',
31 silly registry.get     date: 'Tue, 30 Jun 2015 11:46:06 GMT',
31 silly registry.get     via: '1.1 varnish',
31 silly registry.get     age: '0',
31 silly registry.get     connection: 'keep-alive',
31 silly registry.get     'x-served-by': 'cache-ord1722-ORD',
31 silly registry.get     'x-cache': 'MISS',
31 silly registry.get     'x-cache-hits': '0',
31 silly registry.get     'x-timer': 'S1435664766.317910,VS0,VE315',
31 silly registry.get     vary: 'Accept' } ]
32 silly addNameRange number 2 { name: 'gulp-scss-lint', range: '*', hasData: true }
33 silly addNameRange versions [ 'gulp-scss-lint',
33 silly addNameRange   [ '0.0.2',
33 silly addNameRange     '0.0.3',
33 silly addNameRange     '0.0.4',
33 silly addNameRange     '0.0.5',
33 silly addNameRange     '0.0.6',
33 silly addNameRange     '0.1.0',
33 silly addNameRange     '0.1.1',
33 silly addNameRange     '0.1.2',
33 silly addNameRange     '0.1.3',
33 silly addNameRange     '0.1.4',
33 silly addNameRange     '0.1.5',
33 silly addNameRange     '0.1.6',
33 silly addNameRange     '0.1.7',
33 silly addNameRange     '0.1.8',
33 silly addNameRange     '0.1.9',
33 silly addNameRange     '0.1.10',
33 silly addNameRange     '0.1.11',
33 silly addNameRange     '0.1.12',
33 silly addNameRange     '0.2.0' ] ]
34 verbose addNamed [ 'gulp-scss-lint', '0.2.0' ]
35 verbose addNamed [ '0.2.0', '0.2.0' ]
36 silly lockFile 6b78110a-gulp-scss-lint-0-2-0 gulp-scss-lint@0.2.0
37 verbose lock gulp-scss-lint@0.2.0 /Users/david/.npm/6b78110a-gulp-scss-lint-0-2-0.lock
38 silly lockFile 00a45f2e-ss-lint-gulp-scss-lint-0-2-0-tgz https://registry.npmjs.org/gulp-scss-lint/-/gulp-scss-lint-0.2.0.tgz
39 verbose lock https://registry.npmjs.org/gulp-scss-lint/-/gulp-scss-lint-0.2.0.tgz /Users/david/.npm/00a45f2e-ss-lint-gulp-scss-lint-0-2-0-tgz.lock
40 verbose addRemoteTarball [ 'https://registry.npmjs.org/gulp-scss-lint/-/gulp-scss-lint-0.2.0.tgz',
40 verbose addRemoteTarball   'd089bdee95053e8b1347cc563087996f50d7c780' ]
41 info retry fetch attempt 1 at 07:46:11
42 verbose fetch to= /var/folders/pz/rtyf0vjd0p5_cxv74rlb27tm0000gn/T/npm-81225-Ki0LKOAh/registry.npmjs.org/gulp-scss-lint/-/gulp-scss-lint-0.2.0.tgz
43 http GET https://registry.npmjs.org/gulp-scss-lint/-/gulp-scss-lint-0.2.0.tgz
44 http 200 https://registry.npmjs.org/gulp-scss-lint/-/gulp-scss-lint-0.2.0.tgz
45 silly lockFile 00a45f2e-ss-lint-gulp-scss-lint-0-2-0-tgz https://registry.npmjs.org/gulp-scss-lint/-/gulp-scss-lint-0.2.0.tgz
46 silly lockFile 00a45f2e-ss-lint-gulp-scss-lint-0-2-0-tgz https://registry.npmjs.org/gulp-scss-lint/-/gulp-scss-lint-0.2.0.tgz
47 silly lockFile 6b78110a-gulp-scss-lint-0-2-0 gulp-scss-lint@0.2.0
48 silly lockFile 6b78110a-gulp-scss-lint-0-2-0 gulp-scss-lint@0.2.0
49 silly lockFile 30fc5297-gulp-scss-lint gulp-scss-lint@
50 silly lockFile 30fc5297-gulp-scss-lint gulp-scss-lint@
51 error Error: EACCES, mkdir '/Users/david/.npm/gulp-scss-lint/0.2.0'
51 error  { [Error: EACCES, mkdir '/Users/david/.npm/gulp-scss-lint/0.2.0']
51 error   errno: 3,
51 error   code: 'EACCES',
51 error   path: '/Users/david/.npm/gulp-scss-lint/0.2.0' }
52 error Please try running this command again as root/Administrator.
53 error System Darwin 14.3.0
54 error command "node" "/usr/local/bin/npm" "install" "gulp-scss-lint" "--save-dev"
55 error cwd /Applications/MAMP/htdocs/david_site_dev/source/sass
56 error node -v v0.10.32
57 error npm -v 1.4.28
58 error path /Users/david/.npm/gulp-scss-lint/0.2.0
59 error code EACCES
60 error errno 3
61 error stack Error: EACCES, mkdir '/Users/david/.npm/gulp-scss-lint/0.2.0'
62 verbose exit [ 3, true ]
